<?xml version="1.0" encoding="UTF-8"?>
<!-- Generated by org.testng.reporters.JUnitXMLReporter -->
<testsuite ignored="0" hostname="DESKTOP-CLRTRDV" failures="0" tests="1" name="Test-Runner-2" time="57.186" errors="0" timestamp="2024-03-08T08:20:28 IST">
  <testcase classname="contactsTests.CreateNewContactTest" name="createNewContact" time="36.173"/>
</testsuite> <!-- Test-Runner-2 -->
