<?xml version="1.0" encoding="UTF-8"?>
<!-- Generated by org.testng.reporters.JUnitXMLReporter -->
<testsuite ignored="0" hostname="DESKTOP-CLRTRDV" failures="0" tests="1" name="Test-Runner-1" time="50.689" errors="0" timestamp="2024-03-08T08:20:21 IST">
  <testcase classname="contactsTests.CreateContactWithLeadSource" name="createContactWithLeadsource" time="30.633"/>
</testsuite> <!-- Test-Runner-1 -->
