<?xml version="1.0" encoding="UTF-8"?>
<!-- Generated by org.testng.reporters.JUnitXMLReporter -->
<testsuite ignored="0" hostname="DESKTOP-CLRTRDV" failures="0" tests="1" name="Test-Runner-Chrome" time="60.941" errors="0" timestamp="2024-03-11T08:28:49 IST">
  <testcase classname="contactsTests.CreateContactWithLeadSource" name="createContactWithLeadsource" time="33.71"/>
</testsuite> <!-- Test-Runner-Chrome -->
