<?xml version="1.0" encoding="UTF-8"?>
<!-- Generated by org.testng.reporters.JUnitReportReporter -->
<testsuite hostname="DESKTOP-CLRTRDV" failures="0" tests="2" name="contactsTests.CreateContactWithLeadSource" time="83.915" errors="0" timestamp="2024-03-11T08:28:51 IST" skipped="0">
  <testcase classname="contactsTests.CreateContactWithLeadSource" name="createContactWithLeadsource" time="39.573"/>
  <system-out/>
  <testcase classname="contactsTests.CreateContactWithLeadSource" name="createContactWithLeadsource" time="44.342"/>
  <system-out/>
</testsuite> <!-- contactsTests.CreateContactWithLeadSource -->
