<?xml version="1.0" encoding="UTF-8"?>
<!-- Generated by org.testng.reporters.JUnitReportReporter -->
<testsuite hostname="DESKTOP-CLRTRDV" failures="0" tests="2" name="practice.AssertionPractice" time="0.021" errors="0" timestamp="2024-03-07T07:47:45 IST" skipped="0">
  <testcase classname="practice.AssertionPractice" name="sample" time="0.009"/>
  <system-out/>
  <testcase classname="practice.AssertionPractice" name="sample1" time="0.012"/>
  <system-out/>
</testsuite> <!-- practice.AssertionPractice -->
